<?xml version="1.0" encoding="UTF-8"?>
<testsuite xmlns:xsi="http://www.w3.org/2001/XMLSchema-instance" xsi:noNamespaceSchemaLocation="https://maven.apache.org/surefire/maven-surefire-plugin/xsd/surefire-test-report.xsd" version="3.0.1" name="runners.TestRunners" time="154.824" tests="20" errors="0" skipped="0" failures="0">
  <properties>
[...]
</properties>
  <testcase name="runScenario[&quot;Login with valid credentials&quot;, &quot;Login Functionality&quot;](1)" classname="runners.TestRunners" time="9.372">
    <system-out><![CDATA[
@sanity
Scenario Outline: Login with valid credentials                             # src/test/resources/features/Login.feature:12
  ✔ Given User navigated to login page                                     # stepdefinations.LoginFeature.user_navigated_to_login_page()
  ✔ When User enters valid email address "rushi1@gmail.com" in email filed # stepdefinations.LoginFeature.user_enters_valid_email_address_in_email_filed(java.lang.String)
  ✔ And User enters valid password "11111" in password filed               # stepdefinations.LoginFeature.user_enters_valid_password_in_password_filed(java.lang.String)
  ✔ And User clicks on login button                                        # stepdefinations.LoginFeature.user_clicks_on_login_button()
  ✔ Then User should get sucessfull logged in                              # stepdefinations.LoginFeature.user_should_get_sucessfull_logged_in()
]]></system-out>
    <system-err><![CDATA[SLF4J(W): No SLF4J providers were found.
SLF4J(W): Defaulting to no-operation (NOP) logger implementation
SLF4J(W): See https://www.slf4j.org/codes.html#noProviders for further details.
Mar 14, 2026 1:20:43 AM org.openqa.selenium.devtools.CdpVersionFinder findNearestMatch
WARNING: Unable to find CDP implementation matching 146
Mar 14, 2026 1:20:43 AM org.openqa.selenium.chromium.ChromiumDriver lambda$new$4
WARNING: Unable to find version of CDP to use for 146.0.7680.71. You may need to include a dependency on a specific version of the CDP using something similar to `org.seleniumhq.selenium:selenium-devtools-v86:4.35.0` where the version ("v86") matches the version of the chromium-based browser you're using and the version number of the artifact is the same as Selenium's.
]]></system-err>
  </testcase>
  <testcase name="runScenario[&quot;Login with valid credentials&quot;, &quot;Login Functionality&quot;](2)" classname="runners.TestRunners" time="6.938">
    <system-out><![CDATA[
@sanity
Scenario Outline: Login with valid credentials                             # src/test/resources/features/Login.feature:13
  ✔ Given User navigated to login page                                     # stepdefinations.LoginFeature.user_navigated_to_login_page()
  ✔ When User enters valid email address "rushi2@gmail.com" in email filed # stepdefinations.LoginFeature.user_enters_valid_email_address_in_email_filed(java.lang.String)
  ✔ And User enters valid password "11111" in password filed               # stepdefinations.LoginFeature.user_enters_valid_password_in_password_filed(java.lang.String)
  ✔ And User clicks on login button                                        # stepdefinations.LoginFeature.user_clicks_on_login_button()
  ✔ Then User should get sucessfull logged in                              # stepdefinations.LoginFeature.user_should_get_sucessfull_logged_in()
]]></system-out>
    <system-err><![CDATA[Mar 14, 2026 1:20:51 AM org.openqa.selenium.devtools.CdpVersionFinder findNearestMatch
WARNING: Unable to find CDP implementation matching 146
Mar 14, 2026 1:20:51 AM org.openqa.selenium.chromium.ChromiumDriver lambda$new$4
WARNING: Unable to find version of CDP to use for 146.0.7680.71. You may need to include a dependency on a specific version of the CDP using something similar to `org.seleniumhq.selenium:selenium-devtools-v86:4.35.0` where the version ("v86") matches the version of the chromium-based browser you're using and the version number of the artifact is the same as Selenium's.
]]></system-err>
  </testcase>
  <testcase name="runScenario[&quot;Login with valid credentials&quot;, &quot;Login Functionality&quot;](3)" classname="runners.TestRunners" time="7.403">
    <system-out><![CDATA[
@sanity
Scenario Outline: Login with valid credentials                             # src/test/resources/features/Login.feature:14
  ✔ Given User navigated to login page                                     # stepdefinations.LoginFeature.user_navigated_to_login_page()
  ✔ When User enters valid email address "rushi3@gmail.com" in email filed # stepdefinations.LoginFeature.user_enters_valid_email_address_in_email_filed(java.lang.String)
  ✔ And User enters valid password "11111" in password filed               # stepdefinations.LoginFeature.user_enters_valid_password_in_password_filed(java.lang.String)
  ✔ And User clicks on login button                                        # stepdefinations.LoginFeature.user_clicks_on_login_button()
  ✔ Then User should get sucessfull logged in                              # stepdefinations.LoginFeature.user_should_get_sucessfull_logged_in()
]]></system-out>
    <system-err><![CDATA[Mar 14, 2026 1:20:58 AM org.openqa.selenium.devtools.CdpVersionFinder findNearestMatch
WARNING: Unable to find CDP implementation matching 146
Mar 14, 2026 1:20:58 AM org.openqa.selenium.chromium.ChromiumDriver lambda$new$4
WARNING: Unable to find version of CDP to use for 146.0.7680.71. You may need to include a dependency on a specific version of the CDP using something similar to `org.seleniumhq.selenium:selenium-devtools-v86:4.35.0` where the version ("v86") matches the version of the chromium-based browser you're using and the version number of the artifact is the same as Selenium's.
]]></system-err>
  </testcase>
  <testcase name="runScenario[&quot;Login with Invalid credentials&quot;, &quot;Login Functionality&quot;](4)" classname="runners.TestRunners" time="6.036">
    <system-out><![CDATA[
@smoke
Scenario Outline: Login with Invalid credentials                               # src/test/resources/features/Login.feature:26
  ✔ Given User navigated to login page                                         # stepdefinations.LoginFeature.user_navigated_to_login_page()
  ✔ When User enters invalid email address "rushi101@gmail.com" in email filed # stepdefinations.LoginFeature.user_enters_invalid_email_address_in_email_filed(java.lang.String)
  ✔ And User enters invalid password "11154" in password filed                 # stepdefinations.LoginFeature.user_enters_invalid_password_in_password_filed(java.lang.String)
  ✔ And User clicks on login button                                            # stepdefinations.LoginFeature.user_clicks_on_login_button()
  ✔ Then User should get proper warning message about credentials mismatch     # stepdefinations.LoginFeature.user_should_get_proper_warning_message_about_credentials_mismatch()
]]></system-out>
    <system-err><![CDATA[Mar 14, 2026 1:21:06 AM org.openqa.selenium.devtools.CdpVersionFinder findNearestMatch
WARNING: Unable to find CDP implementation matching 146
Mar 14, 2026 1:21:06 AM org.openqa.selenium.chromium.ChromiumDriver lambda$new$4
WARNING: Unable to find version of CDP to use for 146.0.7680.71. You may need to include a dependency on a specific version of the CDP using something similar to `org.seleniumhq.selenium:selenium-devtools-v86:4.35.0` where the version ("v86") matches the version of the chromium-based browser you're using and the version number of the artifact is the same as Selenium's.
]]></system-err>
  </testcase>
  <testcase name="runScenario[&quot;Login with Invalid credentials&quot;, &quot;Login Functionality&quot;](5)" classname="runners.TestRunners" time="6.447">
    <system-out><![CDATA[
@smoke
Scenario Outline: Login with Invalid credentials                               # src/test/resources/features/Login.feature:27
  ✔ Given User navigated to login page                                         # stepdefinations.LoginFeature.user_navigated_to_login_page()
  ✔ When User enters invalid email address "rushi202@gmail.com" in email filed # stepdefinations.LoginFeature.user_enters_invalid_email_address_in_email_filed(java.lang.String)
  ✔ And User enters invalid password "11178" in password filed                 # stepdefinations.LoginFeature.user_enters_invalid_password_in_password_filed(java.lang.String)
  ✔ And User clicks on login button                                            # stepdefinations.LoginFeature.user_clicks_on_login_button()
  ✔ Then User should get proper warning message about credentials mismatch     # stepdefinations.LoginFeature.user_should_get_proper_warning_message_about_credentials_mismatch()
]]></system-out>
    <system-err><![CDATA[Mar 14, 2026 1:21:12 AM org.openqa.selenium.devtools.CdpVersionFinder findNearestMatch
WARNING: Unable to find CDP implementation matching 146
Mar 14, 2026 1:21:12 AM org.openqa.selenium.chromium.ChromiumDriver lambda$new$4
WARNING: Unable to find version of CDP to use for 146.0.7680.71. You may need to include a dependency on a specific version of the CDP using something similar to `org.seleniumhq.selenium:selenium-devtools-v86:4.35.0` where the version ("v86") matches the version of the chromium-based browser you're using and the version number of the artifact is the same as Selenium's.
]]></system-err>
  </testcase>
  <testcase name="runScenario[&quot;Login with Invalid credentials&quot;, &quot;Login Functionality&quot;](6)" classname="runners.TestRunners" time="6.748">
    <system-out><![CDATA[
@smoke
Scenario Outline: Login with Invalid credentials                               # src/test/resources/features/Login.feature:28
  ✔ Given User navigated to login page                                         # stepdefinations.LoginFeature.user_navigated_to_login_page()
  ✔ When User enters invalid email address "rushi303@gmail.com" in email filed # stepdefinations.LoginFeature.user_enters_invalid_email_address_in_email_filed(java.lang.String)
  ✔ And User enters invalid password "11194" in password filed                 # stepdefinations.LoginFeature.user_enters_invalid_password_in_password_filed(java.lang.String)
  ✔ And User clicks on login button                                            # stepdefinations.LoginFeature.user_clicks_on_login_button()
  ✔ Then User should get proper warning message about credentials mismatch     # stepdefinations.LoginFeature.user_should_get_proper_warning_message_about_credentials_mismatch()
]]></system-out>
    <system-err><![CDATA[Mar 14, 2026 1:21:18 AM org.openqa.selenium.devtools.CdpVersionFinder findNearestMatch
WARNING: Unable to find CDP implementation matching 146
Mar 14, 2026 1:21:18 AM org.openqa.selenium.chromium.ChromiumDriver lambda$new$4
WARNING: Unable to find version of CDP to use for 146.0.7680.71. You may need to include a dependency on a specific version of the CDP using something similar to `org.seleniumhq.selenium:selenium-devtools-v86:4.35.0` where the version ("v86") matches the version of the chromium-based browser you're using and the version number of the artifact is the same as Selenium's.
]]></system-err>
  </testcase>
  <testcase name="runScenario[&quot;Login with valid email and invalid password&quot;, &quot;Login Functionality&quot;](7)" classname="runners.TestRunners" time="6.764">
    <system-out><![CDATA[
Scenario Outline: Login with valid email and invalid password              # src/test/resources/features/Login.feature:39
  ✔ Given User navigated to login page                                     # stepdefinations.LoginFeature.user_navigated_to_login_page()
  ✔ When User enters valid email address "rushi1@gmail.com" in email filed # stepdefinations.LoginFeature.user_enters_valid_email_address_in_email_filed(java.lang.String)
  ✔ And User enters invalid password "11112" in password filed             # stepdefinations.LoginFeature.user_enters_invalid_password_in_password_filed(java.lang.String)
  ✔ And User clicks on login button                                        # stepdefinations.LoginFeature.user_clicks_on_login_button()
  ✔ Then User should get proper warning message about credentials mismatch # stepdefinations.LoginFeature.user_should_get_proper_warning_message_about_credentials_mismatch()
]]></system-out>
    <system-err><![CDATA[Mar 14, 2026 1:21:25 AM org.openqa.selenium.devtools.CdpVersionFinder findNearestMatch
WARNING: Unable to find CDP implementation matching 146
Mar 14, 2026 1:21:25 AM org.openqa.selenium.chromium.ChromiumDriver lambda$new$4
WARNING: Unable to find version of CDP to use for 146.0.7680.71. You may need to include a dependency on a specific version of the CDP using something similar to `org.seleniumhq.selenium:selenium-devtools-v86:4.35.0` where the version ("v86") matches the version of the chromium-based browser you're using and the version number of the artifact is the same as Selenium's.
]]></system-err>
  </testcase>
  <testcase name="runScenario[&quot;Login with valid email and invalid password&quot;, &quot;Login Functionality&quot;](8)" classname="runners.TestRunners" time="9.747">
    <system-out><![CDATA[
Scenario Outline: Login with valid email and invalid password              # src/test/resources/features/Login.feature:40
  ✔ Given User navigated to login page                                     # stepdefinations.LoginFeature.user_navigated_to_login_page()
  ✔ When User enters valid email address "rushi2@gmail.com" in email filed # stepdefinations.LoginFeature.user_enters_valid_email_address_in_email_filed(java.lang.String)
  ✔ And User enters invalid password "11132" in password filed             # stepdefinations.LoginFeature.user_enters_invalid_password_in_password_filed(java.lang.String)
  ✔ And User clicks on login button                                        # stepdefinations.LoginFeature.user_clicks_on_login_button()
  ✔ Then User should get proper warning message about credentials mismatch # stepdefinations.LoginFeature.user_should_get_proper_warning_message_about_credentials_mismatch()
]]></system-out>
    <system-err><![CDATA[Mar 14, 2026 1:21:32 AM org.openqa.selenium.devtools.CdpVersionFinder findNearestMatch
WARNING: Unable to find CDP implementation matching 146
Mar 14, 2026 1:21:32 AM org.openqa.selenium.chromium.ChromiumDriver lambda$new$4
WARNING: Unable to find version of CDP to use for 146.0.7680.71. You may need to include a dependency on a specific version of the CDP using something similar to `org.seleniumhq.selenium:selenium-devtools-v86:4.35.0` where the version ("v86") matches the version of the chromium-based browser you're using and the version number of the artifact is the same as Selenium's.
]]></system-err>
  </testcase>
  <testcase name="runScenario[&quot;Login with valid email and invalid password&quot;, &quot;Login Functionality&quot;](9)" classname="runners.TestRunners" time="6.037">
    <system-out><![CDATA[
Scenario Outline: Login with valid email and invalid password              # src/test/resources/features/Login.feature:41
  ✔ Given User navigated to login page                                     # stepdefinations.LoginFeature.user_navigated_to_login_page()
  ✔ When User enters valid email address "rushi3@gmail.com" in email filed # stepdefinations.LoginFeature.user_enters_valid_email_address_in_email_filed(java.lang.String)
  ✔ And User enters invalid password "11156" in password filed             # stepdefinations.LoginFeature.user_enters_invalid_password_in_password_filed(java.lang.String)
  ✔ And User clicks on login button                                        # stepdefinations.LoginFeature.user_clicks_on_login_button()
  ✔ Then User should get proper warning message about credentials mismatch # stepdefinations.LoginFeature.user_should_get_proper_warning_message_about_credentials_mismatch()
]]></system-out>
    <system-err><![CDATA[Mar 14, 2026 1:21:41 AM org.openqa.selenium.devtools.CdpVersionFinder findNearestMatch
WARNING: Unable to find CDP implementation matching 146
Mar 14, 2026 1:21:41 AM org.openqa.selenium.chromium.ChromiumDriver lambda$new$4
WARNING: Unable to find version of CDP to use for 146.0.7680.71. You may need to include a dependency on a specific version of the CDP using something similar to `org.seleniumhq.selenium:selenium-devtools-v86:4.35.0` where the version ("v86") matches the version of the chromium-based browser you're using and the version number of the artifact is the same as Selenium's.
]]></system-err>
  </testcase>
  <testcase name="runScenario[&quot;Login with Invalid email and valid password&quot;, &quot;Login Functionality&quot;](10)" classname="runners.TestRunners" time="6.424">
    <system-out><![CDATA[
@regression
Scenario: Login with Invalid email and valid password                          # src/test/resources/features/Login.feature:53
  ✔ Given User navigated to login page                                         # stepdefinations.LoginFeature.user_navigated_to_login_page()
  ✔ When User enters invalid email address "rushi101@gmail.com" in email filed # stepdefinations.LoginFeature.user_enters_invalid_email_address_in_email_filed(java.lang.String)
  ✔ And User enters valid password "11111" in password filed                   # stepdefinations.LoginFeature.user_enters_valid_password_in_password_filed(java.lang.String)
  ✔ And User clicks on login button                                            # stepdefinations.LoginFeature.user_clicks_on_login_button()
  ✔ Then User should get proper warning message about credentials mismatch     # stepdefinations.LoginFeature.user_should_get_proper_warning_message_about_credentials_mismatch()
]]></system-out>
    <system-err><![CDATA[Mar 14, 2026 1:21:47 AM org.openqa.selenium.devtools.CdpVersionFinder findNearestMatch
WARNING: Unable to find CDP implementation matching 146
Mar 14, 2026 1:21:47 AM org.openqa.selenium.chromium.ChromiumDriver lambda$new$4
WARNING: Unable to find version of CDP to use for 146.0.7680.71. You may need to include a dependency on a specific version of the CDP using something similar to `org.seleniumhq.selenium:selenium-devtools-v86:4.35.0` where the version ("v86") matches the version of the chromium-based browser you're using and the version number of the artifact is the same as Selenium's.
]]></system-err>
  </testcase>
  <testcase name="runScenario[&quot;Login with Invalid email and valid password&quot;, &quot;Login Functionality&quot;](11)" classname="runners.TestRunners" time="6.225">
    <system-out><![CDATA[
@regression
Scenario: Login with Invalid email and valid password                          # src/test/resources/features/Login.feature:54
  ✔ Given User navigated to login page                                         # stepdefinations.LoginFeature.user_navigated_to_login_page()
  ✔ When User enters invalid email address "rushi202@gmail.com" in email filed # stepdefinations.LoginFeature.user_enters_invalid_email_address_in_email_filed(java.lang.String)
  ✔ And User enters valid password "11111" in password filed                   # stepdefinations.LoginFeature.user_enters_valid_password_in_password_filed(java.lang.String)
  ✔ And User clicks on login button                                            # stepdefinations.LoginFeature.user_clicks_on_login_button()
  ✔ Then User should get proper warning message about credentials mismatch     # stepdefinations.LoginFeature.user_should_get_proper_warning_message_about_credentials_mismatch()
]]></system-out>
    <system-err><![CDATA[Mar 14, 2026 1:21:54 AM org.openqa.selenium.devtools.CdpVersionFinder findNearestMatch
WARNING: Unable to find CDP implementation matching 146
Mar 14, 2026 1:21:54 AM org.openqa.selenium.chromium.ChromiumDriver lambda$new$4
WARNING: Unable to find version of CDP to use for 146.0.7680.71. You may need to include a dependency on a specific version of the CDP using something similar to `org.seleniumhq.selenium:selenium-devtools-v86:4.35.0` where the version ("v86") matches the version of the chromium-based browser you're using and the version number of the artifact is the same as Selenium's.
]]></system-err>
  </testcase>
  <testcase name="runScenario[&quot;Login with Invalid email and valid password&quot;, &quot;Login Functionality&quot;](12)" classname="runners.TestRunners" time="5.954">
    <system-out><![CDATA[
@regression
Scenario: Login with Invalid email and valid password                          # src/test/resources/features/Login.feature:55
  ✔ Given User navigated to login page                                         # stepdefinations.LoginFeature.user_navigated_to_login_page()
  ✔ When User enters invalid email address "rushi303@gmail.com" in email filed # stepdefinations.LoginFeature.user_enters_invalid_email_address_in_email_filed(java.lang.String)
  ✔ And User enters valid password "11111" in password filed                   # stepdefinations.LoginFeature.user_enters_valid_password_in_password_filed(java.lang.String)
  ✔ And User clicks on login button                                            # stepdefinations.LoginFeature.user_clicks_on_login_button()
  ✔ Then User should get proper warning message about credentials mismatch     # stepdefinations.LoginFeature.user_should_get_proper_warning_message_about_credentials_mismatch()
]]></system-out>
    <system-err><![CDATA[Mar 14, 2026 1:22:00 AM org.openqa.selenium.devtools.CdpVersionFinder findNearestMatch
WARNING: Unable to find CDP implementation matching 146
Mar 14, 2026 1:22:00 AM org.openqa.selenium.chromium.ChromiumDriver lambda$new$4
WARNING: Unable to find version of CDP to use for 146.0.7680.71. You may need to include a dependency on a specific version of the CDP using something similar to `org.seleniumhq.selenium:selenium-devtools-v86:4.35.0` where the version ("v86") matches the version of the chromium-based browser you're using and the version number of the artifact is the same as Selenium's.
]]></system-err>
  </testcase>
  <testcase name="runScenario[&quot;Login without provide any credentials&quot;, &quot;Login Functionality&quot;](13)" classname="runners.TestRunners" time="7.215">
    <system-out><![CDATA[
Scenario: Login without provide any credentials                            # src/test/resources/features/Login.feature:59
  ✔ Given User navigated to login page                                     # stepdefinations.LoginFeature.user_navigated_to_login_page()
  ✔ When User dont enters email address into email filed                   # stepdefinations.LoginFeature.user_dont_enters_email_address_into_email_filed()
  ✔ And User dont enters valid password into password filed                # stepdefinations.LoginFeature.user_dont_enters_valid_password_into_password_filed()
  ✔ And User clicks on login button                                        # stepdefinations.LoginFeature.user_clicks_on_login_button()
  ✔ Then User should get proper warning message about credentials mismatch # stepdefinations.LoginFeature.user_should_get_proper_warning_message_about_credentials_mismatch()
]]></system-out>
    <system-err><![CDATA[Mar 14, 2026 1:22:06 AM org.openqa.selenium.devtools.CdpVersionFinder findNearestMatch
WARNING: Unable to find CDP implementation matching 146
Mar 14, 2026 1:22:06 AM org.openqa.selenium.chromium.ChromiumDriver lambda$new$4
WARNING: Unable to find version of CDP to use for 146.0.7680.71. You may need to include a dependency on a specific version of the CDP using something similar to `org.seleniumhq.selenium:selenium-devtools-v86:4.35.0` where the version ("v86") matches the version of the chromium-based browser you're using and the version number of the artifact is the same as Selenium's.
]]></system-err>
  </testcase>
  <testcase name="runScenario[&quot;User creates an account only with mandatary fileds&quot;, &quot;Registration Functionality&quot;](14)" classname="runners.TestRunners" time="12.367">
    <system-out><![CDATA[
Scenario: User creates an account only with mandatary fileds # src/test/resources/features/Register.feature:3
  ✔ Given User navigate to register account page             # stepdefinations.RegisterFeature.user_navigate_to_register_account_page()
  ✔ When User enters the details into below fileds           # stepdefinations.RegisterFeature.user_enters_the_details_into_below_fileds(io.cucumber.datatable.DataTable)
      | fname     | ganesh        |
      | lname     | suryavanshi   |
      | telephone | 9999999999122 |
      | password  | 11111         |
  ✔ And User selects privacy policy                          # stepdefinations.RegisterFeature.user_selects_privacy_policy()
  ✔ And User click on continue button                        # stepdefinations.RegisterFeature.user_click_on_continue_button()
  ✔ Then User account should get create successfully         # stepdefinations.RegisterFeature.user_account_should_get_create_successfully()
]]></system-out>
    <system-err><![CDATA[Mar 14, 2026 1:22:13 AM org.openqa.selenium.devtools.CdpVersionFinder findNearestMatch
WARNING: Unable to find CDP implementation matching 146
Mar 14, 2026 1:22:13 AM org.openqa.selenium.chromium.ChromiumDriver lambda$new$4
WARNING: Unable to find version of CDP to use for 146.0.7680.71. You may need to include a dependency on a specific version of the CDP using something similar to `org.seleniumhq.selenium:selenium-devtools-v86:4.35.0` where the version ("v86") matches the version of the chromium-based browser you're using and the version number of the artifact is the same as Selenium's.
]]></system-err>
  </testcase>
  <testcase name="runScenario[&quot;User creates an account with all fileds&quot;, &quot;Registration Functionality&quot;](15)" classname="runners.TestRunners" time="11.293">
    <system-out><![CDATA[
Scenario: User creates an account with all fileds    # src/test/resources/features/Register.feature:14
  ✔ Given User navigate to register account page     # stepdefinations.RegisterFeature.user_navigate_to_register_account_page()
  ✔ When User enters the details into below fileds   # stepdefinations.RegisterFeature.user_enters_the_details_into_below_fileds(io.cucumber.datatable.DataTable)
      | fname     | rahul         |
      | lname     | gaikwad       |
      | telephone | 9999999999221 |
      | password  | 11111         |
  ✔ And User selects yes for newsletter              # stepdefinations.RegisterFeature.user_selects_yes_for_newsletter()
  ✔ And User selects privacy policy                  # stepdefinations.RegisterFeature.user_selects_privacy_policy()
  ✔ And User click on continue button                # stepdefinations.RegisterFeature.user_click_on_continue_button()
  ✔ Then User account should get create successfully # stepdefinations.RegisterFeature.user_account_should_get_create_successfully()
]]></system-out>
    <system-err><![CDATA[Mar 14, 2026 1:22:26 AM org.openqa.selenium.devtools.CdpVersionFinder findNearestMatch
WARNING: Unable to find CDP implementation matching 146
Mar 14, 2026 1:22:26 AM org.openqa.selenium.chromium.ChromiumDriver lambda$new$4
WARNING: Unable to find version of CDP to use for 146.0.7680.71. You may need to include a dependency on a specific version of the CDP using something similar to `org.seleniumhq.selenium:selenium-devtools-v86:4.35.0` where the version ("v86") matches the version of the chromium-based browser you're using and the version number of the artifact is the same as Selenium's.
]]></system-err>
  </testcase>
  <testcase name="runScenario[&quot;User creates a duplicate account&quot;, &quot;Registration Functionality&quot;](16)" classname="runners.TestRunners" time="11.039">
    <system-out><![CDATA[
@smoke
Scenario: User creates a duplicate account                         # src/test/resources/features/Register.feature:27
  ✔ Given User navigate to register account page                   # stepdefinations.RegisterFeature.user_navigate_to_register_account_page()
  ✔ When User enters the details iwith same email and below fileds # stepdefinations.RegisterFeature.user_enters_the_details_iwith_same_email_and_below_fileds(io.cucumber.datatable.DataTable)
      | fname     | rushi            |
      | lname     | shete            |
      | email     | rushi6@gmail.com |
      | telephone | 12345678         |
      | password  | 11111            |
  ✔ And User selects privacy policy                                # stepdefinations.RegisterFeature.user_selects_privacy_policy()
  ✔ And User click on continue button                              # stepdefinations.RegisterFeature.user_click_on_continue_button()
  ✔ Then User should get a proper warning  about duplicate email   # stepdefinations.RegisterFeature.user_should_get_a_proper_warning_about_duplicate_email()
]]></system-out>
    <system-err><![CDATA[Mar 14, 2026 1:22:37 AM org.openqa.selenium.devtools.CdpVersionFinder findNearestMatch
WARNING: Unable to find CDP implementation matching 146
Mar 14, 2026 1:22:37 AM org.openqa.selenium.chromium.ChromiumDriver lambda$new$4
WARNING: Unable to find version of CDP to use for 146.0.7680.71. You may need to include a dependency on a specific version of the CDP using something similar to `org.seleniumhq.selenium:selenium-devtools-v86:4.35.0` where the version ("v86") matches the version of the chromium-based browser you're using and the version number of the artifact is the same as Selenium's.
]]></system-err>
  </testcase>
  <testcase name="runScenario[&quot;User creates account without filling any details&quot;, &quot;Registration Functionality&quot;](17)" classname="runners.TestRunners" time="9.875">
    <system-out><![CDATA[
@regression
Scenario: User creates account without filling any details                    # src/test/resources/features/Register.feature:40
  ✔ Given User navigate to register account page                              # stepdefinations.RegisterFeature.user_navigate_to_register_account_page()
  ✔ When User dont enters any details into fileds                             # stepdefinations.RegisterFeature.user_dont_enters_any_details_into_fileds()
  ✔ And User click on continue button                                         # stepdefinations.RegisterFeature.user_click_on_continue_button()
  ✔ Then User should get a proper warning  messages for every mandatary filed # stepdefinations.RegisterFeature.user_should_get_a_proper_warning_messages_for_every_mandatary_filed()
]]></system-out>
    <system-err><![CDATA[Mar 14, 2026 1:22:48 AM org.openqa.selenium.devtools.CdpVersionFinder findNearestMatch
WARNING: Unable to find CDP implementation matching 146
Mar 14, 2026 1:22:48 AM org.openqa.selenium.chromium.ChromiumDriver lambda$new$4
WARNING: Unable to find version of CDP to use for 146.0.7680.71. You may need to include a dependency on a specific version of the CDP using something similar to `org.seleniumhq.selenium:selenium-devtools-v86:4.35.0` where the version ("v86") matches the version of the chromium-based browser you're using and the version number of the artifact is the same as Selenium's.
]]></system-err>
  </testcase>
  <testcase name="runScenario[&quot;User searches for a valid product&quot;, &quot;Search functionality&quot;](18)" classname="runners.TestRunners" time="5.381">
    <system-out><![CDATA[
Scenario: User searches for a valid product                     # src/test/resources/features/Search.feature:3
  ✔ Given User opens the application                            # stepdefinations.SearchFeature.user_opens_the_application()
  ✔ When User enters valid product "hp" into search box field   # stepdefinations.SearchFeature.user_enters_valid_product_into_search_box_field(java.lang.String)
  ✔ And User clicks on search button                            # stepdefinations.SearchFeature.user_clicks_on_search_button()
  ✔ Then User should get valid product display in search result # stepdefinations.SearchFeature.user_should_get_valid_product_display_in_search_result()
]]></system-out>
    <system-err><![CDATA[Mar 14, 2026 1:22:58 AM org.openqa.selenium.devtools.CdpVersionFinder findNearestMatch
WARNING: Unable to find CDP implementation matching 146
Mar 14, 2026 1:22:58 AM org.openqa.selenium.chromium.ChromiumDriver lambda$new$4
WARNING: Unable to find version of CDP to use for 146.0.7680.71. You may need to include a dependency on a specific version of the CDP using something similar to `org.seleniumhq.selenium:selenium-devtools-v86:4.35.0` where the version ("v86") matches the version of the chromium-based browser you're using and the version number of the artifact is the same as Selenium's.
]]></system-err>
  </testcase>
  <testcase name="runScenario[&quot;User searches for a invalid product&quot;, &quot;Search functionality&quot;](19)" classname="runners.TestRunners" time="5.039">
    <system-out><![CDATA[
Scenario: User searches for a invalid product                      # src/test/resources/features/Search.feature:9
  ✔ Given User opens the application                               # stepdefinations.SearchFeature.user_opens_the_application()
  ✔ When User enters invalid product "honda" into search box field # stepdefinations.SearchFeature.user_enters_invalid_product_into_search_box_field(java.lang.String)
  ✔ And User clicks on search button                               # stepdefinations.SearchFeature.user_clicks_on_search_button()
  ✔ Then User should get message about no prodct matching          # stepdefinations.SearchFeature.user_should_get_message_about_no_prodct_matching()
]]></system-out>
    <system-err><![CDATA[Mar 14, 2026 1:23:03 AM org.openqa.selenium.devtools.CdpVersionFinder findNearestMatch
WARNING: Unable to find CDP implementation matching 146
Mar 14, 2026 1:23:03 AM org.openqa.selenium.chromium.ChromiumDriver lambda$new$4
WARNING: Unable to find version of CDP to use for 146.0.7680.71. You may need to include a dependency on a specific version of the CDP using something similar to `org.seleniumhq.selenium:selenium-devtools-v86:4.35.0` where the version ("v86") matches the version of the chromium-based browser you're using and the version number of the artifact is the same as Selenium's.
]]></system-err>
  </testcase>
  <testcase name="runScenario[&quot;User searches without any product&quot;, &quot;Search functionality&quot;](20)" classname="runners.TestRunners" time="4.334">
    <system-out><![CDATA[
Scenario: User searches without any product                     # src/test/resources/features/Search.feature:15
  ✔ Given User opens the application                            # stepdefinations.SearchFeature.user_opens_the_application()
  ✔ When User dont enter any product name into search box field # stepdefinations.SearchFeature.user_dont_enter_any_product_name_into_search_box_field()
  ✔ And User clicks on search button                            # stepdefinations.SearchFeature.user_clicks_on_search_button()
  ✔ Then User should get message about no prodct matching       # stepdefinations.SearchFeature.user_should_get_message_about_no_prodct_matching()
]]></system-out>
    <system-err><![CDATA[Mar 14, 2026 1:23:08 AM org.openqa.selenium.devtools.CdpVersionFinder findNearestMatch
WARNING: Unable to find CDP implementation matching 146
Mar 14, 2026 1:23:08 AM org.openqa.selenium.chromium.ChromiumDriver lambda$new$4
WARNING: Unable to find version of CDP to use for 146.0.7680.71. You may need to include a dependency on a specific version of the CDP using something similar to `org.seleniumhq.selenium:selenium-devtools-v86:4.35.0` where the version ("v86") matches the version of the chromium-based browser you're using and the version number of the artifact is the same as Selenium's.
]]></system-err>
  </testcase>
</testsuite>