<?xml version="1.0" encoding="UTF-8"?>
<!-- Generated by org.testng.reporters.JUnitReportReporter -->
<testsuite hostname="Rushi" failures="0" tests="20" name="runners.MyRunners" time="280.233" errors="0" timestamp="2026-03-13T23:56:20 IST" skipped="0">
  <testcase classname="runners.MyRunners" name="runScenario" time="7.474"/>
  <testcase classname="runners.MyRunners" name="runScenario" time="10.306"/>
  <testcase classname="runners.MyRunners" name="runScenario" time="14.536"/>
  <testcase classname="runners.MyRunners" name="runScenario" time="14.053"/>
  <testcase classname="runners.MyRunners" name="runScenario" time="8.502"/>
  <testcase classname="runners.MyRunners" name="runScenario" time="12.595"/>
  <testcase classname="runners.MyRunners" name="runScenario" time="13.016"/>
  <testcase classname="runners.MyRunners" name="runScenario" time="6.118"/>
  <testcase classname="runners.MyRunners" name="runScenario" time="18.352"/>
  <testcase classname="runners.MyRunners" name="runScenario" time="17.381"/>
  <testcase classname="runners.MyRunners" name="runScenario" time="6.846"/>
  <testcase classname="runners.MyRunners" name="runScenario" time="8.459"/>
  <testcase classname="runners.MyRunners" name="runScenario" time="10.127"/>
  <testcase classname="runners.MyRunners" name="runScenario" time="10.084"/>
  <testcase classname="runners.MyRunners" name="runScenario" time="6.255"/>
  <testcase classname="runners.MyRunners" name="runScenario" time="11.098"/>
  <testcase classname="runners.MyRunners" name="runScenario" time="10.911"/>
  <testcase classname="runners.MyRunners" name="runScenario" time="25.994"/>
  <testcase classname="runners.MyRunners" name="runScenario" time="9.315"/>
  <testcase classname="runners.MyRunners" name="runScenario" time="58.811"/>
</testsuite> <!-- runners.MyRunners -->
