<?xml version="1.0" encoding="UTF-8"?>
<!-- Generated by org.testng.reporters.JUnitReportReporter -->
<testsuite hostname="Rushi" failures="0" tests="20" name="runners.TestRunners" time="150.640" errors="0" timestamp="2026-03-14T01:23:14 IST" skipped="0">
  <testcase classname="runners.TestRunners" name="runScenario" time="6.447"/>
  <testcase classname="runners.TestRunners" name="runScenario" time="6.225"/>
  <testcase classname="runners.TestRunners" name="runScenario" time="5.382"/>
  <testcase classname="runners.TestRunners" name="runScenario" time="4.334"/>
  <testcase classname="runners.TestRunners" name="runScenario" time="6.035"/>
  <testcase classname="runners.TestRunners" name="runScenario" time="6.748"/>
  <testcase classname="runners.TestRunners" name="runScenario" time="7.404"/>
  <testcase classname="runners.TestRunners" name="runScenario" time="6.941"/>
  <testcase classname="runners.TestRunners" name="runScenario" time="6.424"/>
  <testcase classname="runners.TestRunners" name="runScenario" time="7.216"/>
  <testcase classname="runners.TestRunners" name="runScenario" time="11.293"/>
  <testcase classname="runners.TestRunners" name="runScenario" time="12.365"/>
  <testcase classname="runners.TestRunners" name="runScenario" time="5.039"/>
  <testcase classname="runners.TestRunners" name="runScenario" time="6.765"/>
  <testcase classname="runners.TestRunners" name="runScenario" time="9.369"/>
  <testcase classname="runners.TestRunners" name="runScenario" time="6.036"/>
  <testcase classname="runners.TestRunners" name="runScenario" time="9.875"/>
  <testcase classname="runners.TestRunners" name="runScenario" time="5.954"/>
  <testcase classname="runners.TestRunners" name="runScenario" time="11.040"/>
  <testcase classname="runners.TestRunners" name="runScenario" time="9.748"/>
</testsuite> <!-- runners.TestRunners -->
